Log file open, 08/03/17 17:02:24
LogInit:Display: Running engine for game: Telos
LogPlatformFile: Not using cached read wrapper
LogInit:Display: RandInit(-9866102) SRandInit(-9866102).
LogTaskGraph: Started task graph with 5 named threads and 8 total threads with 1 sets of task threads.
LogStats: Stats thread started at 0.090058
LogInit: Using libcurl 7.47.1
LogInit:  - built for x86_64-pc-win32
LogInit:  - supports SSL with OpenSSL/1.0.2g
LogInit:  - supports HTTP deflate (compression) using libz 1.2.8
LogInit:  - other features:
LogInit:      CURL_VERSION_SSL
LogInit:      CURL_VERSION_LIBZ
LogInit:      CURL_VERSION_IPV6
LogInit:      CURL_VERSION_ASYNCHDNS
LogInit:      CURL_VERSION_LARGEFILE
LogInit:      CURL_VERSION_IDN
LogInit:  CurlRequestOptions (configurable via config and command line):
LogInit:  - bVerifyPeer = false  - Libcurl will NOT verify peer certificate
LogInit:  - bUseHttpProxy = false  - Libcurl will NOT use HTTP proxy
LogInit:  - bDontReuseConnections = false  - Libcurl will reuse connections
LogInit:  - CertBundlePath = nullptr  - Libcurl will use whatever was configured at build time.
LogInit: Build: ++UE4+Release-4.16-CL-3561208
LogInit: Engine Version: 4.16.3-3561208+++UE4+Release-4.16
LogInit: Compatible Engine Version: 4.16.0-3452394+++UE4+Release-4.16
LogInit: Net CL: 3452394
LogDevObjectVersion: Number of dev versions registered: 16
LogDevObjectVersion:   Dev-Blueprints (B0D832E4-1F89-4F0D-ACCF-7EB736FD4AA2): 9
LogDevObjectVersion:   Dev-Build (E1C64328-A22C-4D53-A36C-8E866417BD8C): 0
LogDevObjectVersion:   Dev-Core (375EC13C-06E4-48FB-B500-84F0262A717E): 2
LogDevObjectVersion:   Dev-Editor (E4B068ED-F494-42E9-A231-DA0B2E46BB41): 17
LogDevObjectVersion:   Dev-Framework (CFFC743F-43B0-4480-9391-14DF171D2073): 23
LogDevObjectVersion:   Dev-Mobile (B02B49B5-BB20-44E9-A304-32B752E40360): 0
LogDevObjectVersion:   Dev-Networking (A4E4105C-59A1-49B5-A7C5-40C4547EDFEE): 0
LogDevObjectVersion:   Dev-Online (39C831C9-5AE6-47DC-9A44-9C173E1C8E7C): 0
LogDevObjectVersion:   Dev-Physics (78F01B33-EBEA-4F98-B9B4-84EACCB95AA2): 0
LogDevObjectVersion:   Dev-Platform (6631380F-2D4D-43E0-8009-CF276956A95A): 0
LogDevObjectVersion:   Dev-Rendering (12F88B9F-8875-4AFC-A67C-D90C383ABD29): 15
LogDevObjectVersion:   Dev-Sequencer (7B5AE74C-D270-4C10-A958-57980B212A5A): 4
LogDevObjectVersion:   Dev-VR (D7296918-1DD6-4BDD-9DE2-64A83CC13884): 0
LogDevObjectVersion:   Dev-LoadTimes (C2A15278-BFE7-4AFE-6C17-90FF531DF755): 1
LogDevObjectVersion:   Private-Geometry (6EACA3D4-40EC-4CC1-B786-8BED09428FC5): 1
LogDevObjectVersion:   Dev-AnimPhys (29E575DD-E0A3-4627-9D10-D276232CDCEA): 3
LogInit: Compiled (64-bit): Jul 28 2017 11:49:47
LogInit: Compiled with Visual C++: 19.00.24215.01
LogInit: Build Configuration: Development
LogInit: Branch Name: ++UE4+Release-4.16
LogInit: Command line: -EpicPortal 
LogInit: Base directory: C:/Program Files/Epic Games/UE_4.16/Engine/Binaries/Win64/
LogInit: Installed Engine Build: 1
LogInit: Presizing for max 8388607 objects, including 0 objects not considered by GC, pre-allocating 0 bytes for permanent pool.
LogInit: Object subsystem initialized
[2017.08.03-23.02.25:070][  0]LogInit: Selected Device Profile: [Windows]
[2017.08.03-23.02.25:070][  0]LogInit: Applying CVar settings loaded from the selected device profile: [Windows]
[2017.08.03-23.02.25:078][  0]LogInit: Computer: BIGRIG
[2017.08.03-23.02.25:078][  0]LogInit: User: Windoze
[2017.08.03-23.02.25:078][  0]LogInit: CPU Page size=4096, Cores=4
[2017.08.03-23.02.25:078][  0]LogInit: High frequency timer resolution =3.117186 MHz
[2017.08.03-23.02.25:078][  0]LogMemory: Memory total: Physical=15.9GB (16GB approx)
[2017.08.03-23.02.25:078][  0]LogMemory: Platform Memory Stats for Windows
[2017.08.03-23.02.25:078][  0]LogMemory: Process Physical Memory: 271.86 MB used, 271.86 MB peak
[2017.08.03-23.02.25:078][  0]LogMemory: Process Virtual Memory: 258.52 MB used, 258.52 MB peak
[2017.08.03-23.02.25:078][  0]LogMemory: Physical Memory: 8459.70 MB used,  7849.85 MB free, 16309.55 MB total
[2017.08.03-23.02.25:078][  0]LogMemory: Virtual Memory: 635.55 MB used,  7849.85 MB free, 134217728.00 MB total
[2017.08.03-23.02.25:139][  0]LogInit: Using OS detected language (en-US).
[2017.08.03-23.02.25:139][  0]LogInit: Using OS detected locale (en-US).
[2017.08.03-23.02.25:141][  0]LogTextLocalizationManager: No specific localization for 'en-US' exists, so the 'en' localization will be used.
[2017.08.03-23.02.26:043][  0]LogD3D11RHI: D3D11 adapters:
[2017.08.03-23.02.26:103][  0]LogD3D11RHI:    0. 'NVIDIA GeForce GTX 680' (Feature Level 11_0)
[2017.08.03-23.02.26:103][  0]LogD3D11RHI:       2017/0/8154 MB DedicatedVideo/DedicatedSystem/SharedSystem, Outputs:3, VendorId:0x10de
[2017.08.03-23.02.26:104][  0]LogD3D11RHI:    1. 'Microsoft Basic Render Driver' (Feature Level 11_0)
[2017.08.03-23.02.26:104][  0]LogD3D11RHI:       0/0/8154 MB DedicatedVideo/DedicatedSystem/SharedSystem, Outputs:0, VendorId:0x1414
[2017.08.03-23.02.26:104][  0]LogD3D11RHI: Chosen D3D11 Adapter: 0
[2017.08.03-23.02.26:109][  0]LogD3D11RHI: Creating new Direct3DDevice
[2017.08.03-23.02.26:109][  0]LogD3D11RHI:     GPU DeviceId: 0x1180 (for the marketing name, search the web for "GPU Device Id")
[2017.08.03-23.02.26:109][  0]LogWindows: EnumDisplayDevices:
[2017.08.03-23.02.26:109][  0]LogWindows:    0. 'NVIDIA GeForce GTX 680' (P:1 D:1)
[2017.08.03-23.02.26:109][  0]LogWindows:    1. 'NVIDIA GeForce GTX 680' (P:0 D:1)
[2017.08.03-23.02.26:109][  0]LogWindows:    2. 'NVIDIA GeForce GTX 680' (P:0 D:1)
[2017.08.03-23.02.26:109][  0]LogWindows:    3. 'NVIDIA GeForce GTX 680' (P:0 D:0)
[2017.08.03-23.02.26:110][  0]LogWindows: DebugString: FoundDriverCount:4 
[2017.08.03-23.02.26:110][  0]LogD3D11RHI:     Adapter Name: NVIDIA GeForce GTX 680
[2017.08.03-23.02.26:110][  0]LogD3D11RHI:   Driver Version: 382.05 (internal:22.21.13.8205, unified:382.05)
[2017.08.03-23.02.26:110][  0]LogD3D11RHI:      Driver Date: 5-1-2017
[2017.08.03-23.02.26:110][  0]LogRHI: Texture pool is 1361 MB (70% of 1945 MB)
[2017.08.03-23.02.26:134][  0]LogD3D11RHI: Async texture creation enabled
[2017.08.03-23.02.26:151][  0]LogD3D11RHI: GPU Timing Frequency: 1000.000000 (Debug: 2 2)
[2017.08.03-23.02.26:201][  0]LogShaderCompilers: Guid format shader working directory is 31 characters bigger than the processId version (W:/Projects/Telos/Intermediate/Shaders/WorkingDirectory/3880/).
[2017.08.03-23.02.26:202][  0]LogShaderCompilers: Cleaned the shader compiler working directory 'C:/Users/Windoze/AppData/Local/Temp/UnrealShaderWorkingDir/E0F326A9493A15E91F40E68070EE9D97/'.
[2017.08.03-23.02.26:202][  0]LogShaderCompilers:Display: Using Local Shader Compiler.
[2017.08.03-23.02.27:107][  0]LogTemp:Display: Loaded TP AllDesktopTargetPlatform
[2017.08.03-23.02.27:153][  0]LogTemp:Display: Loaded TP MacClientTargetPlatform
[2017.08.03-23.02.27:196][  0]LogTemp:Display: Loaded TP MacNoEditorTargetPlatform
[2017.08.03-23.02.27:240][  0]LogTemp:Display: Loaded TP MacServerTargetPlatform
[2017.08.03-23.02.27:284][  0]LogTemp:Display: Loaded TP MacTargetPlatform
[2017.08.03-23.02.27:327][  0]LogTemp:Display: Loaded TP WindowsClientTargetPlatform
[2017.08.03-23.02.27:370][  0]LogTemp:Display: Loaded TP WindowsNoEditorTargetPlatform
[2017.08.03-23.02.27:413][  0]LogTemp:Display: Loaded TP WindowsServerTargetPlatform
[2017.08.03-23.02.27:451][  0]LogTemp:Display: Loaded TP WindowsTargetPlatform
[2017.08.03-23.02.27:494][  0]LogTemp:Display: Loaded TP AndroidTargetPlatform
[2017.08.03-23.02.27:537][  0]LogTemp:Display: Loaded TP Android_ASTCTargetPlatform
[2017.08.03-23.02.27:580][  0]LogTemp:Display: Loaded TP Android_ATCTargetPlatform
[2017.08.03-23.02.27:623][  0]LogTemp:Display: Loaded TP Android_DXTTargetPlatform
[2017.08.03-23.02.27:665][  0]LogTemp:Display: Loaded TP Android_ETC1TargetPlatform
[2017.08.03-23.02.27:707][  0]LogTemp:Display: Loaded TP Android_ETC2TargetPlatform
[2017.08.03-23.02.27:793][  0]LogTemp:Display: Loaded TP Android_MultiTargetPlatform
[2017.08.03-23.02.27:793][  0]LogTemp:Display: Loaded TP Android_PVRTCTargetPlatform
[2017.08.03-23.02.27:826][  0]LogTemp:Display: Loaded TP HTML5TargetPlatform
[2017.08.03-23.02.27:911][  0]LogTemp:Display: Loaded TP IOSTargetPlatform
[2017.08.03-23.02.27:937][  0]LogTemp:Display: Loaded TP TVOSTargetPlatform
[2017.08.03-23.02.27:978][  0]LogTemp:Display: Loaded TP LinuxClientTargetPlatform
[2017.08.03-23.02.28:021][  0]LogTemp:Display: Loaded TP LinuxNoEditorTargetPlatform
[2017.08.03-23.02.28:063][  0]LogTemp:Display: Loaded TP LinuxServerTargetPlatform
[2017.08.03-23.02.28:106][  0]LogTemp:Display: Loaded TP LinuxTargetPlatform
[2017.08.03-23.02.28:106][  0]LogTargetPlatformManager:Display: Building Assets For Windows
[2017.08.03-23.02.28:531][  0]LogDerivedDataCache:Display: Max Cache Size: 512 MB
[2017.08.03-23.02.28:616][  0]LogDerivedDataCache: Loaded boot cache 0.08s 90MB C:/Users/Windoze/AppData/Local/UnrealEngine/4.16/DerivedDataCache/Boot.ddc.
[2017.08.03-23.02.28:616][  0]LogDerivedDataCache:Display: Loaded Boot cache: C:/Users/Windoze/AppData/Local/UnrealEngine/4.16/DerivedDataCache/Boot.ddc
[2017.08.03-23.02.28:616][  0]LogDerivedDataCache: FDerivedDataBackendGraph:  Pak pak cache file W:/Projects/Telos/DerivedDataCache/DDC.ddp not found, will not use a pak cache.
[2017.08.03-23.02.28:616][  0]LogDerivedDataCache: Unable to find inner node Pak for hierarchical cache Hierarchy.
[2017.08.03-23.02.28:616][  0]LogDerivedDataCache: FDerivedDataBackendGraph:  CompressedPak pak cache file W:/Projects/Telos/DerivedDataCache/Compressed.ddp not found, will not use a pak cache.
[2017.08.03-23.02.28:616][  0]LogDerivedDataCache: Unable to find inner node CompressedPak for hierarchical cache Hierarchy.
[2017.08.03-23.02.28:631][  0]LogDerivedDataCache:Display: Pak cache opened for reading ../../../Engine/DerivedDataCache/Compressed.ddp.
[2017.08.03-23.02.28:643][  0]LogDerivedDataCache: Using Local data cache path C:/Users/Windoze/AppData/Local/UnrealEngine/Common/DerivedDataCache: Writable
[2017.08.03-23.02.28:652][  0]LogMaterial: Verifying Global Shaders for PCD3D_SM5
[2017.08.03-23.02.28:652][  0]LogSlate: Using Freetype 2.6.0
[2017.08.03-23.02.28:653][  0]LogSlate: SlateFontCache - WITH_FREETYPE: 1, WITH_HARFBUZZ: 1
[2017.08.03-23.02.28:653][  0]LogSlate: SlateFontCache - WITH_FREETYPE: 1, WITH_HARFBUZZ: 1
[2017.08.03-23.02.28:929][  0]LogInit: Selected Device Profile: [Windows]
[2017.08.03-23.02.28:991][  0]LogContentStreaming: Texture pool size is 0.00 MB
[2017.08.03-23.02.29:132][  0]LogMeshUtilities: Using QuadricMeshReduction for automatic static mesh reduction
[2017.08.03-23.02.29:170][  0]LogSimplygon: Simplygon DLL not present - disabling.
[2017.08.03-23.02.29:211][  0]LogMeshUtilities: Using SimplygonSwarm for distributed automatic mesh merging
[2017.08.03-23.02.29:211][  0]LogMeshUtilities: No automatic skeletal mesh reduction module available
[2017.08.03-23.02.29:211][  0]LogMeshUtilities: No automatic mesh merging module available
[2017.08.03-23.02.29:685][  0]LogNetVersion: Telos , NetCL: 3452394, EngineNetVer: 2, GameNetVer: 0 (Checksum: 3718800153)
[2017.08.03-23.02.29:743][  0]LogAssetRegistry: FAssetRegistry took 0.0255 seconds to start up
[2017.08.03-23.02.29:788][  0]LogPackageLocalizationCache: Processed 4 localized package path(s) for 2 prioritized culture(s) in 0.024148 seconds
[2017.08.03-23.02.29:794][  0]LogUObjectArray: 34194 objects as part of root set at end of initial load.
[2017.08.03-23.02.29:794][  0]LogUObjectAllocator: 7260416 out of 0 bytes used by permanent object pool.
[2017.08.03-23.02.29:794][  0]LogUObjectArray: CloseDisregardForGC: 0/0 objects in disregard for GC pool
[2017.08.03-23.02.29:852][  0]LogInit: WinSock: version 1.1 (2.2), MaxSocks=32767, MaxUdp=65467
[2017.08.03-23.02.32:007][  0]LogTcpMessaging: Initializing TcpMessaging bridge
[2017.08.03-23.02.32:050][  0]LogUdpMessaging: Initializing bridge on interface 0.0.0.0:0 to multicast group 230.0.0.1:6666.
[2017.08.03-23.02.32:537][  0]LogMaterial: Uniform references updated for custom material expression Custom.
[2017.08.03-23.02.32:911][  0]SourceControl: Info Source control is disabled
[2017.08.03-23.02.32:935][  0]SourceControl: Info Source control is disabled
[2017.08.03-23.02.32:979][  0]SourceControl: Info Source control is disabled
[2017.08.03-23.02.33:023][  0]SourceControl: Info Source control is disabled
[2017.08.03-23.02.33:630][  0]LogAndroidPermission: UAndroidPermissionCallbackProxy::GetInstance
[2017.08.03-23.02.34:179][  0]LogEngine: Initializing Engine...
[2017.08.03-23.02.34:179][  0]LogHMD: Failed to initialize OpenVR with code 110
[2017.08.03-23.02.34:374][  0]LogStats: UGameplayTagsManager::ConstructGameplayTagTree: Construct from data asset -  0.000 s
[2017.08.03-23.02.34:374][  0]LogStats: UGameplayTagsManager::ConstructGameplayTagTree: GameplayTagTreeChangedEvent.Broadcast -  0.000 s
[2017.08.03-23.02.34:506][  0]LogAIModule: Creating AISystem for world Untitled
[2017.08.03-23.02.34:516][  0]LogInit: XAudio2 using 'Speakers (Realtek High Definition Audio)' : 2 channels at 48 kHz using 32 bits per sample (channel mask 0x3)
[2017.08.03-23.02.34:555][  0]LogInit: FAudioDevice initialized.
[2017.08.03-23.02.34:598][  0]LogDerivedDataCache: Saved boot cache 0.04s 90MB C:/Users/Windoze/AppData/Local/UnrealEngine/4.16/DerivedDataCache/Boot.ddc.
[2017.08.03-23.02.34:610][  0]LogInit: Texture streaming: Enabled
[2017.08.03-23.02.34:709][  0]LogEngineSessionManager: EngineSessionManager initialized
[2017.08.03-23.02.34:915][  0]LogInit: Transaction tracking system initialized
[2017.08.03-23.02.35:195][  0]BlueprintLog: New page: Editor Load
[2017.08.03-23.02.36:035][  0]LocalizationService: Info Localization service is disabled
[2017.08.03-23.02.36:647][  0]LogConsoleResponse:Display: 
[2017.08.03-23.02.36:773][  0]LogFileCache: Scanning file cache for directory 'W:/Projects/Telos/Content/' took 0.01s
[2017.08.03-23.02.36:773][  0]LogCook:Display: Max memory allowance for cook 16384mb min free memory 0mb
[2017.08.03-23.02.36:773][  0]LogCook:Display: Mobile HDR setting 1
[2017.08.03-23.02.37:641][  0]SourceControl: Info Source control is disabled
[2017.08.03-23.02.37:642][  0]LogFactory: FactoryCreateFile: PackFactory with PackFactory (0 0 C:/Program Files/Epic Games/UE_4.16/FeaturePacks/StarterContent.upack)
[2017.08.03-23.02.37:649][  0]LogPackFactory: Finished extracting 8 files (including 0 errors).
[2017.08.03-23.02.37:657][  0]LogPackFactory: Copied "../../../Samples/StarterContent/Content/StarterContent/Architecture/Floor_400x400.uasset" to "W:/Projects/Telos/Content/StarterContent/Architecture/Floor_400x400.uasset"
[2017.08.03-23.02.37:663][  0]LogPackFactory: Copied "../../../Samples/StarterContent/Content/StarterContent/Architecture/Pillar_50x500.uasset" to "W:/Projects/Telos/Content/StarterContent/Architecture/Pillar_50x500.uasset"
[2017.08.03-23.02.37:670][  0]LogPackFactory: Copied "../../../Samples/StarterContent/Content/StarterContent/Architecture/SM_AssetPlatform.uasset" to "W:/Projects/Telos/Content/StarterContent/Architecture/SM_AssetPlatform.uasset"
[2017.08.03-23.02.37:677][  0]LogPackFactory: Copied "../../../Samples/StarterContent/Content/StarterContent/Architecture/Wall_400x200.uasset" to "W:/Projects/Telos/Content/StarterContent/Architecture/Wall_400x200.uasset"
[2017.08.03-23.02.37:683][  0]LogPackFactory: Copied "../../../Samples/StarterContent/Content/StarterContent/Architecture/Wall_400x300.uasset" to "W:/Projects/Telos/Content/StarterContent/Architecture/Wall_400x300.uasset"
[2017.08.03-23.02.37:690][  0]LogPackFactory: Copied "../../../Samples/StarterContent/Content/StarterContent/Architecture/Wall_400x400.uasset" to "W:/Projects/Telos/Content/StarterContent/Architecture/Wall_400x400.uasset"
[2017.08.03-23.02.37:696][  0]LogPackFactory: Copied "../../../Samples/StarterContent/Content/StarterContent/Architecture/Wall_500x500.uasset" to "W:/Projects/Telos/Content/StarterContent/Architecture/Wall_500x500.uasset"
[2017.08.03-23.02.37:702][  0]LogPackFactory: Copied "../../../Samples/StarterContent/Content/StarterContent/Architecture/Wall_Door_400x300.uasset" to "W:/Projects/Telos/Content/StarterContent/Architecture/Wall_Door_400x300.uasset"
[2017.08.03-23.02.37:708][  0]LogPackFactory: Copied "../../../Samples/StarterContent/Content/StarterContent/Architecture/Wall_Door_400x400.uasset" to "W:/Projects/Telos/Content/StarterContent/Architecture/Wall_Door_400x400.uasset"
[2017.08.03-23.02.37:715][  0]LogPackFactory: Copied "../../../Samples/StarterContent/Content/StarterContent/Architecture/Wall_Window_400x300.uasset" to "W:/Projects/Telos/Content/StarterContent/Architecture/Wall_Window_400x300.uasset"
[2017.08.03-23.02.37:721][  0]LogPackFactory: Copied "../../../Samples/StarterContent/Content/StarterContent/Architecture/Wall_Window_400x400.uasset" to "W:/Projects/Telos/Content/StarterContent/Architecture/Wall_Window_400x400.uasset"
[2017.08.03-23.02.37:727][  0]LogPackFactory: Copied "../../../Samples/StarterContent/Content/StarterContent/Audio/Collapse01.uasset" to "W:/Projects/Telos/Content/StarterContent/Audio/Collapse01.uasset"
[2017.08.03-23.02.37:734][  0]LogPackFactory: Copied "../../../Samples/StarterContent/Content/StarterContent/Audio/Collapse02.uasset" to "W:/Projects/Telos/Content/StarterContent/Audio/Collapse02.uasset"
[2017.08.03-23.02.37:738][  0]LogPackFactory: Copied "../../../Samples/StarterContent/Content/StarterContent/Audio/Collapse_Cue.uasset" to "W:/Projects/Telos/Content/StarterContent/Audio/Collapse_Cue.uasset"
[2017.08.03-23.02.37:746][  0]LogPackFactory: Copied "../../../Samples/StarterContent/Content/StarterContent/Audio/Explosion01.uasset" to "W:/Projects/Telos/Content/StarterContent/Audio/Explosion01.uasset"
[2017.08.03-23.02.37:753][  0]LogPackFactory: Copied "../../../Samples/StarterContent/Content/StarterContent/Audio/Explosion02.uasset" to "W:/Projects/Telos/Content/StarterContent/Audio/Explosion02.uasset"
[2017.08.03-23.02.37:756][  0]LogPackFactory: Copied "../../../Samples/StarterContent/Content/StarterContent/Audio/Explosion_Cue.uasset" to "W:/Projects/Telos/Content/StarterContent/Audio/Explosion_Cue.uasset"
[2017.08.03-23.02.37:764][  0]LogPackFactory: Copied "../../../Samples/StarterContent/Content/StarterContent/Audio/Fire01.uasset" to "W:/Projects/Telos/Content/StarterContent/Audio/Fire01.uasset"
[2017.08.03-23.02.37:768][  0]LogPackFactory: Copied "../../../Samples/StarterContent/Content/StarterContent/Audio/Fire01_Cue.uasset" to "W:/Projects/Telos/Content/StarterContent/Audio/Fire01_Cue.uasset"
[2017.08.03-23.02.37:775][  0]LogPackFactory: Copied "../../../Samples/StarterContent/Content/StarterContent/Audio/Fire_Sparks01.uasset" to "W:/Projects/Telos/Content/StarterContent/Audio/Fire_Sparks01.uasset"
[2017.08.03-23.02.37:779][  0]LogPackFactory: Copied "../../../Samples/StarterContent/Content/StarterContent/Audio/Fire_Sparks01_Cue.uasset" to "W:/Projects/Telos/Content/StarterContent/Audio/Fire_Sparks01_Cue.uasset"
[2017.08.03-23.02.37:786][  0]LogPackFactory: Copied "../../../Samples/StarterContent/Content/StarterContent/Audio/Light01.uasset" to "W:/Projects/Telos/Content/StarterContent/Audio/Light01.uasset"
[2017.08.03-23.02.37:789][  0]LogPackFactory: Copied "../../../Samples/StarterContent/Content/StarterContent/Audio/Light01_Cue.uasset" to "W:/Projects/Telos/Content/StarterContent/Audio/Light01_Cue.uasset"
[2017.08.03-23.02.37:796][  0]LogPackFactory: Copied "../../../Samples/StarterContent/Content/StarterContent/Audio/Light02.uasset" to "W:/Projects/Telos/Content/StarterContent/Audio/Light02.uasset"
[2017.08.03-23.02.37:800][  0]LogPackFactory: Copied "../../../Samples/StarterContent/Content/StarterContent/Audio/Light02_Cue.uasset" to "W:/Projects/Telos/Content/StarterContent/Audio/Light02_Cue.uasset"
[2017.08.03-23.02.37:807][  0]LogPackFactory: Copied "../../../Samples/StarterContent/Content/StarterContent/Audio/Smoke01.uasset" to "W:/Projects/Telos/Content/StarterContent/Audio/Smoke01.uasset"
[2017.08.03-23.02.37:811][  0]LogPackFactory: Copied "../../../Samples/StarterContent/Content/StarterContent/Audio/Smoke01_Cue.uasset" to "W:/Projects/Telos/Content/StarterContent/Audio/Smoke01_Cue.uasset"
[2017.08.03-23.02.37:817][  0]LogPackFactory: Copied "../../../Samples/StarterContent/Content/StarterContent/Audio/Starter_Background_Cue.uasset" to "W:/Projects/Telos/Content/StarterContent/Audio/Starter_Background_Cue.uasset"
[2017.08.03-23.02.37:829][  0]LogPackFactory: Copied "../../../Samples/StarterContent/Content/StarterContent/Audio/Starter_Birds01.uasset" to "W:/Projects/Telos/Content/StarterContent/Audio/Starter_Birds01.uasset"
[2017.08.03-23.02.37:855][  0]LogPackFactory: Copied "../../../Samples/StarterContent/Content/StarterContent/Audio/Starter_Music01.uasset" to "W:/Projects/Telos/Content/StarterContent/Audio/Starter_Music01.uasset"
[2017.08.03-23.02.37:859][  0]LogPackFactory: Copied "../../../Samples/StarterContent/Content/StarterContent/Audio/Starter_Music_Cue.uasset" to "W:/Projects/Telos/Content/StarterContent/Audio/Starter_Music_Cue.uasset"
[2017.08.03-23.02.37:870][  0]LogPackFactory: Copied "../../../Samples/StarterContent/Content/StarterContent/Audio/Starter_Wind05.uasset" to "W:/Projects/Telos/Content/StarterContent/Audio/Starter_Wind05.uasset"
[2017.08.03-23.02.37:882][  0]LogPackFactory: Copied "../../../Samples/StarterContent/Content/StarterContent/Audio/Starter_Wind06.uasset" to "W:/Projects/Telos/Content/StarterContent/Audio/Starter_Wind06.uasset"
[2017.08.03-23.02.37:889][  0]LogPackFactory: Copied "../../../Samples/StarterContent/Content/StarterContent/Audio/Steam01.uasset" to "W:/Projects/Telos/Content/StarterContent/Audio/Steam01.uasset"
[2017.08.03-23.02.37:893][  0]LogPackFactory: Copied "../../../Samples/StarterContent/Content/StarterContent/Audio/Steam01_Cue.uasset" to "W:/Projects/Telos/Content/StarterContent/Audio/Steam01_Cue.uasset"
[2017.08.03-23.02.37:900][  0]LogPackFactory: Copied "../../../Samples/StarterContent/Content/StarterContent/Blueprints/Blueprint_CeilingLight.uasset" to "W:/Projects/Telos/Content/StarterContent/Blueprints/Blueprint_CeilingLight.uasset"
[2017.08.03-23.02.37:907][  0]LogPackFactory: Copied "../../../Samples/StarterContent/Content/StarterContent/Blueprints/Blueprint_Effect_Explosion.uasset" to "W:/Projects/Telos/Content/StarterContent/Blueprints/Blueprint_Effect_Explosion.uasset"
[2017.08.03-23.02.37:913][  0]LogPackFactory: Copied "../../../Samples/StarterContent/Content/StarterContent/Blueprints/Blueprint_Effect_Fire.uasset" to "W:/Projects/Telos/Content/StarterContent/Blueprints/Blueprint_Effect_Fire.uasset"
[2017.08.03-23.02.37:919][  0]LogPackFactory: Copied "../../../Samples/StarterContent/Content/StarterContent/Blueprints/Blueprint_Effect_Smoke.uasset" to "W:/Projects/Telos/Content/StarterContent/Blueprints/Blueprint_Effect_Smoke.uasset"
[2017.08.03-23.02.37:926][  0]LogPackFactory: Copied "../../../Samples/StarterContent/Content/StarterContent/Blueprints/Blueprint_Effect_Sparks.uasset" to "W:/Projects/Telos/Content/StarterContent/Blueprints/Blueprint_Effect_Sparks.uasset"
[2017.08.03-23.02.37:932][  0]LogPackFactory: Copied "../../../Samples/StarterContent/Content/StarterContent/Blueprints/Blueprint_Effect_Steam.uasset" to "W:/Projects/Telos/Content/StarterContent/Blueprints/Blueprint_Effect_Steam.uasset"
[2017.08.03-23.02.37:939][  0]LogPackFactory: Copied "../../../Samples/StarterContent/Content/StarterContent/Blueprints/Blueprint_WallSconce.uasset" to "W:/Projects/Telos/Content/StarterContent/Blueprints/Blueprint_WallSconce.uasset"
[2017.08.03-23.02.37:945][  0]LogPackFactory: Copied "../../../Samples/StarterContent/Content/StarterContent/Blueprints/BP_LightStudio.uasset" to "W:/Projects/Telos/Content/StarterContent/Blueprints/BP_LightStudio.uasset"
[2017.08.03-23.02.37:949][  0]LogPackFactory: Copied "../../../Samples/StarterContent/Content/StarterContent/Blueprints/Assets/FogBrightnessLUT.uasset" to "W:/Projects/Telos/Content/StarterContent/Blueprints/Assets/FogBrightnessLUT.uasset"
[2017.08.03-23.02.37:955][  0]LogPackFactory: Copied "../../../Samples/StarterContent/Content/StarterContent/Blueprints/Assets/M_LightStage_Arrows.uasset" to "W:/Projects/Telos/Content/StarterContent/Blueprints/Assets/M_LightStage_Arrows.uasset"
[2017.08.03-23.02.37:962][  0]LogPackFactory: Copied "../../../Samples/StarterContent/Content/StarterContent/Blueprints/Assets/M_LightStage_Skybox_Black.uasset" to "W:/Projects/Telos/Content/StarterContent/Blueprints/Assets/M_LightStage_Skybox_Black.uasset"
[2017.08.03-23.02.37:968][  0]LogPackFactory: Copied "../../../Samples/StarterContent/Content/StarterContent/Blueprints/Assets/M_LightStage_Skybox_HDRI.uasset" to "W:/Projects/Telos/Content/StarterContent/Blueprints/Assets/M_LightStage_Skybox_HDRI.uasset"
[2017.08.03-23.02.37:974][  0]LogPackFactory: Copied "../../../Samples/StarterContent/Content/StarterContent/Blueprints/Assets/M_LightStage_Skybox_Master.uasset" to "W:/Projects/Telos/Content/StarterContent/Blueprints/Assets/M_LightStage_Skybox_Master.uasset"
[2017.08.03-23.02.37:983][  0]LogPackFactory: Copied "../../../Samples/StarterContent/Content/StarterContent/Blueprints/Assets/Skybox.uasset" to "W:/Projects/Telos/Content/StarterContent/Blueprints/Assets/Skybox.uasset"
[2017.08.03-23.02.37:990][  0]LogPackFactory: Copied "../../../Samples/StarterContent/Content/StarterContent/Blueprints/Assets/SM_Arrows.uasset" to "W:/Projects/Telos/Content/StarterContent/Blueprints/Assets/SM_Arrows.uasset"
[2017.08.03-23.02.37:994][  0]LogPackFactory: Copied "../../../Samples/StarterContent/Content/StarterContent/Blueprints/Assets/SunlightColorLUT.uasset" to "W:/Projects/Telos/Content/StarterContent/Blueprints/Assets/SunlightColorLUT.uasset"
[2017.08.03-23.02.38:199][  0]LogPackFactory: Copied "../../../Samples/StarterContent/Content/StarterContent/HDRI/HDRI_Epic_Courtyard_Daylight.uasset" to "W:/Projects/Telos/Content/StarterContent/HDRI/HDRI_Epic_Courtyard_Daylight.uasset"
[2017.08.03-23.02.38:205][  0]LogPackFactory: Copied "../../../Samples/StarterContent/Content/StarterContent/Maps/Advanced_Lighting.umap" to "W:/Projects/Telos/Content/StarterContent/Maps/Advanced_Lighting.umap"
[2017.08.03-23.02.38:211][  0]LogPackFactory: Copied "../../../Samples/StarterContent/Content/StarterContent/Maps/Advanced_Lighting_BuiltData.uasset" to "W:/Projects/Telos/Content/StarterContent/Maps/Advanced_Lighting_BuiltData.uasset"
[2017.08.03-23.02.38:220][  0]LogPackFactory: Copied "../../../Samples/StarterContent/Content/StarterContent/Maps/Minimal_Default.umap" to "W:/Projects/Telos/Content/StarterContent/Maps/Minimal_Default.umap"
[2017.08.03-23.02.38:228][  0]LogPackFactory: Copied "../../../Samples/StarterContent/Content/StarterContent/Maps/Minimal_Default_BuiltData.uasset" to "W:/Projects/Telos/Content/StarterContent/Maps/Minimal_Default_BuiltData.uasset"
[2017.08.03-23.02.38:250][  0]LogPackFactory: Copied "../../../Samples/StarterContent/Content/StarterContent/Maps/StarterMap.umap" to "W:/Projects/Telos/Content/StarterContent/Maps/StarterMap.umap"
[2017.08.03-23.02.38:284][  0]LogPackFactory: Copied "../../../Samples/StarterContent/Content/StarterContent/Maps/StarterMap_BuiltData.uasset" to "W:/Projects/Telos/Content/StarterContent/Maps/StarterMap_BuiltData.uasset"
[2017.08.03-23.02.38:291][  0]LogPackFactory: Copied "../../../Samples/StarterContent/Content/StarterContent/Materials/M_AssetPlatform.uasset" to "W:/Projects/Telos/Content/StarterContent/Materials/M_AssetPlatform.uasset"
[2017.08.03-23.02.38:297][  0]LogPackFactory: Copied "../../../Samples/StarterContent/Content/StarterContent/Materials/M_Basic_Floor.uasset" to "W:/Projects/Telos/Content/StarterContent/Materials/M_Basic_Floor.uasset"
[2017.08.03-23.02.38:303][  0]LogPackFactory: Copied "../../../Samples/StarterContent/Content/StarterContent/Materials/M_Basic_Wall.uasset" to "W:/Projects/Telos/Content/StarterContent/Materials/M_Basic_Wall.uasset"
[2017.08.03-23.02.38:310][  0]LogPackFactory: Copied "../../../Samples/StarterContent/Content/StarterContent/Materials/M_Brick_Clay_Beveled.uasset" to "W:/Projects/Telos/Content/StarterContent/Materials/M_Brick_Clay_Beveled.uasset"
[2017.08.03-23.02.38:316][  0]LogPackFactory: Copied "../../../Samples/StarterContent/Content/StarterContent/Materials/M_Brick_Clay_New.uasset" to "W:/Projects/Telos/Content/StarterContent/Materials/M_Brick_Clay_New.uasset"
[2017.08.03-23.02.38:322][  0]LogPackFactory: Copied "../../../Samples/StarterContent/Content/StarterContent/Materials/M_Brick_Clay_Old.uasset" to "W:/Projects/Telos/Content/StarterContent/Materials/M_Brick_Clay_Old.uasset"
[2017.08.03-23.02.38:329][  0]LogPackFactory: Copied "../../../Samples/StarterContent/Content/StarterContent/Materials/M_Brick_Cut_Stone.uasset" to "W:/Projects/Telos/Content/StarterContent/Materials/M_Brick_Cut_Stone.uasset"
[2017.08.03-23.02.38:335][  0]LogPackFactory: Copied "../../../Samples/StarterContent/Content/StarterContent/Materials/M_Brick_Hewn_Stone.uasset" to "W:/Projects/Telos/Content/StarterContent/Materials/M_Brick_Hewn_Stone.uasset"
[2017.08.03-23.02.38:341][  0]LogPackFactory: Copied "../../../Samples/StarterContent/Content/StarterContent/Materials/M_Ceramic_Tile_Checker.uasset" to "W:/Projects/Telos/Content/StarterContent/Materials/M_Ceramic_Tile_Checker.uasset"
[2017.08.03-23.02.38:347][  0]LogPackFactory: Copied "../../../Samples/StarterContent/Content/StarterContent/Materials/M_CobbleStone_Pebble.uasset" to "W:/Projects/Telos/Content/StarterContent/Materials/M_CobbleStone_Pebble.uasset"
[2017.08.03-23.02.38:353][  0]LogPackFactory: Copied "../../../Samples/StarterContent/Content/StarterContent/Materials/M_CobbleStone_Rough.uasset" to "W:/Projects/Telos/Content/StarterContent/Materials/M_CobbleStone_Rough.uasset"
[2017.08.03-23.02.38:360][  0]LogPackFactory: Copied "../../../Samples/StarterContent/Content/StarterContent/Materials/M_CobbleStone_Smooth.uasset" to "W:/Projects/Telos/Content/StarterContent/Materials/M_CobbleStone_Smooth.uasset"
[2017.08.03-23.02.38:367][  0]LogPackFactory: Copied "../../../Samples/StarterContent/Content/StarterContent/Materials/M_ColorGrid_LowSpec.uasset" to "W:/Projects/Telos/Content/StarterContent/Materials/M_ColorGrid_LowSpec.uasset"
[2017.08.03-23.02.38:373][  0]LogPackFactory: Copied "../../../Samples/StarterContent/Content/StarterContent/Materials/M_Concrete_Grime.uasset" to "W:/Projects/Telos/Content/StarterContent/Materials/M_Concrete_Grime.uasset"
[2017.08.03-23.02.38:379][  0]LogPackFactory: Copied "../../../Samples/StarterContent/Content/StarterContent/Materials/M_Concrete_Panels.uasset" to "W:/Projects/Telos/Content/StarterContent/Materials/M_Concrete_Panels.uasset"
[2017.08.03-23.02.38:385][  0]LogPackFactory: Copied "../../../Samples/StarterContent/Content/StarterContent/Materials/M_Concrete_Poured.uasset" to "W:/Projects/Telos/Content/StarterContent/Materials/M_Concrete_Poured.uasset"
[2017.08.03-23.02.38:393][  0]LogPackFactory: Copied "../../../Samples/StarterContent/Content/StarterContent/Materials/M_Concrete_Tiles.uasset" to "W:/Projects/Telos/Content/StarterContent/Materials/M_Concrete_Tiles.uasset"
[2017.08.03-23.02.38:399][  0]LogPackFactory: Copied "../../../Samples/StarterContent/Content/StarterContent/Materials/M_Glass.uasset" to "W:/Projects/Telos/Content/StarterContent/Materials/M_Glass.uasset"
[2017.08.03-23.02.38:405][  0]LogPackFactory: Copied "../../../Samples/StarterContent/Content/StarterContent/Materials/M_Ground_Grass.uasset" to "W:/Projects/Telos/Content/StarterContent/Materials/M_Ground_Grass.uasset"
[2017.08.03-23.02.38:411][  0]LogPackFactory: Copied "../../../Samples/StarterContent/Content/StarterContent/Materials/M_Ground_Gravel.uasset" to "W:/Projects/Telos/Content/StarterContent/Materials/M_Ground_Gravel.uasset"
[2017.08.03-23.02.38:417][  0]LogPackFactory: Copied "../../../Samples/StarterContent/Content/StarterContent/Materials/M_Ground_Moss.uasset" to "W:/Projects/Telos/Content/StarterContent/Materials/M_Ground_Moss.uasset"
[2017.08.03-23.02.38:424][  0]LogPackFactory: Copied "../../../Samples/StarterContent/Content/StarterContent/Materials/M_Metal_Brushed_Nickel.uasset" to "W:/Projects/Telos/Content/StarterContent/Materials/M_Metal_Brushed_Nickel.uasset"
[2017.08.03-23.02.38:430][  0]LogPackFactory: Copied "../../../Samples/StarterContent/Content/StarterContent/Materials/M_Metal_Burnished_Steel.uasset" to "W:/Projects/Telos/Content/StarterContent/Materials/M_Metal_Burnished_Steel.uasset"
[2017.08.03-23.02.38:436][  0]LogPackFactory: Copied "../../../Samples/StarterContent/Content/StarterContent/Materials/M_Metal_Chrome.uasset" to "W:/Projects/Telos/Content/StarterContent/Materials/M_Metal_Chrome.uasset"
[2017.08.03-23.02.38:442][  0]LogPackFactory: Copied "../../../Samples/StarterContent/Content/StarterContent/Materials/M_Metal_Copper.uasset" to "W:/Projects/Telos/Content/StarterContent/Materials/M_Metal_Copper.uasset"
[2017.08.03-23.02.38:449][  0]LogPackFactory: Copied "../../../Samples/StarterContent/Content/StarterContent/Materials/M_Metal_Gold.uasset" to "W:/Projects/Telos/Content/StarterContent/Materials/M_Metal_Gold.uasset"
[2017.08.03-23.02.38:455][  0]LogPackFactory: Copied "../../../Samples/StarterContent/Content/StarterContent/Materials/M_Metal_Rust.uasset" to "W:/Projects/Telos/Content/StarterContent/Materials/M_Metal_Rust.uasset"
[2017.08.03-23.02.38:462][  0]LogPackFactory: Copied "../../../Samples/StarterContent/Content/StarterContent/Materials/M_Metal_Steel.uasset" to "W:/Projects/Telos/Content/StarterContent/Materials/M_Metal_Steel.uasset"
[2017.08.03-23.02.38:468][  0]LogPackFactory: Copied "../../../Samples/StarterContent/Content/StarterContent/Materials/M_Rock_Basalt.uasset" to "W:/Projects/Telos/Content/StarterContent/Materials/M_Rock_Basalt.uasset"
[2017.08.03-23.02.38:474][  0]LogPackFactory: Copied "../../../Samples/StarterContent/Content/StarterContent/Materials/M_Rock_Marble_Polished.uasset" to "W:/Projects/Telos/Content/StarterContent/Materials/M_Rock_Marble_Polished.uasset"
[2017.08.03-23.02.38:480][  0]LogPackFactory: Copied "../../../Samples/StarterContent/Content/StarterContent/Materials/M_Rock_Sandstone.uasset" to "W:/Projects/Telos/Content/StarterContent/Materials/M_Rock_Sandstone.uasset"
[2017.08.03-23.02.38:488][  0]LogPackFactory: Copied "../../../Samples/StarterContent/Content/StarterContent/Materials/M_Rock_Slate.uasset" to "W:/Projects/Telos/Content/StarterContent/Materials/M_Rock_Slate.uasset"
[2017.08.03-23.02.38:495][  0]LogPackFactory: Copied "../../../Samples/StarterContent/Content/StarterContent/Materials/M_Tech_Checker_Dot.uasset" to "W:/Projects/Telos/Content/StarterContent/Materials/M_Tech_Checker_Dot.uasset"
[2017.08.03-23.02.38:502][  0]LogPackFactory: Copied "../../../Samples/StarterContent/Content/StarterContent/Materials/M_Tech_Hex_Tile.uasset" to "W:/Projects/Telos/Content/StarterContent/Materials/M_Tech_Hex_Tile.uasset"
[2017.08.03-23.02.38:508][  0]LogPackFactory: Copied "../../../Samples/StarterContent/Content/StarterContent/Materials/M_Tech_Hex_Tile_Pulse.uasset" to "W:/Projects/Telos/Content/StarterContent/Materials/M_Tech_Hex_Tile_Pulse.uasset"
[2017.08.03-23.02.38:514][  0]LogPackFactory: Copied "../../../Samples/StarterContent/Content/StarterContent/Materials/M_Tech_Panel.uasset" to "W:/Projects/Telos/Content/StarterContent/Materials/M_Tech_Panel.uasset"
[2017.08.03-23.02.38:520][  0]LogPackFactory: Copied "../../../Samples/StarterContent/Content/StarterContent/Materials/M_Water_Lake.uasset" to "W:/Projects/Telos/Content/StarterContent/Materials/M_Water_Lake.uasset"
[2017.08.03-23.02.38:527][  0]LogPackFactory: Copied "../../../Samples/StarterContent/Content/StarterContent/Materials/M_Water_Ocean.uasset" to "W:/Projects/Telos/Content/StarterContent/Materials/M_Water_Ocean.uasset"
[2017.08.03-23.02.38:534][  0]LogPackFactory: Copied "../../../Samples/StarterContent/Content/StarterContent/Materials/M_Wood_Floor_Walnut_Polished.uasset" to "W:/Projects/Telos/Content/StarterContent/Materials/M_Wood_Floor_Walnut_Polished.uasset"
[2017.08.03-23.02.38:541][  0]LogPackFactory: Copied "../../../Samples/StarterContent/Content/StarterContent/Materials/M_Wood_Floor_Walnut_Worn.uasset" to "W:/Projects/Telos/Content/StarterContent/Materials/M_Wood_Floor_Walnut_Worn.uasset"
[2017.08.03-23.02.38:547][  0]LogPackFactory: Copied "../../../Samples/StarterContent/Content/StarterContent/Materials/M_Wood_Oak.uasset" to "W:/Projects/Telos/Content/StarterContent/Materials/M_Wood_Oak.uasset"
[2017.08.03-23.02.38:554][  0]LogPackFactory: Copied "../../../Samples/StarterContent/Content/StarterContent/Materials/M_Wood_Pine.uasset" to "W:/Projects/Telos/Content/StarterContent/Materials/M_Wood_Pine.uasset"
[2017.08.03-23.02.38:560][  0]LogPackFactory: Copied "../../../Samples/StarterContent/Content/StarterContent/Materials/M_Wood_Walnut.uasset" to "W:/Projects/Telos/Content/StarterContent/Materials/M_Wood_Walnut.uasset"
[2017.08.03-23.02.38:566][  0]LogPackFactory: Copied "../../../Samples/StarterContent/Content/StarterContent/Particles/P_Ambient_Dust.uasset" to "W:/Projects/Telos/Content/StarterContent/Particles/P_Ambient_Dust.uasset"
[2017.08.03-23.02.38:573][  0]LogPackFactory: Copied "../../../Samples/StarterContent/Content/StarterContent/Particles/P_Explosion.uasset" to "W:/Projects/Telos/Content/StarterContent/Particles/P_Explosion.uasset"
[2017.08.03-23.02.38:580][  0]LogPackFactory: Copied "../../../Samples/StarterContent/Content/StarterContent/Particles/P_Fire.uasset" to "W:/Projects/Telos/Content/StarterContent/Particles/P_Fire.uasset"
[2017.08.03-23.02.38:587][  0]LogPackFactory: Copied "../../../Samples/StarterContent/Content/StarterContent/Particles/P_Smoke.uasset" to "W:/Projects/Telos/Content/StarterContent/Particles/P_Smoke.uasset"
[2017.08.03-23.02.38:593][  0]LogPackFactory: Copied "../../../Samples/StarterContent/Content/StarterContent/Particles/P_Sparks.uasset" to "W:/Projects/Telos/Content/StarterContent/Particles/P_Sparks.uasset"
[2017.08.03-23.02.38:600][  0]LogPackFactory: Copied "../../../Samples/StarterContent/Content/StarterContent/Particles/P_Steam_Lit.uasset" to "W:/Projects/Telos/Content/StarterContent/Particles/P_Steam_Lit.uasset"
[2017.08.03-23.02.38:606][  0]LogPackFactory: Copied "../../../Samples/StarterContent/Content/StarterContent/Particles/Materials/M_Burst.uasset" to "W:/Projects/Telos/Content/StarterContent/Particles/Materials/M_Burst.uasset"
[2017.08.03-23.02.38:612][  0]LogPackFactory: Copied "../../../Samples/StarterContent/Content/StarterContent/Particles/Materials/M_Dust_Particle.uasset" to "W:/Projects/Telos/Content/StarterContent/Particles/Materials/M_Dust_Particle.uasset"
[2017.08.03-23.02.38:619][  0]LogPackFactory: Copied "../../../Samples/StarterContent/Content/StarterContent/Particles/Materials/M_explosion_subUV.uasset" to "W:/Projects/Telos/Content/StarterContent/Particles/Materials/M_explosion_subUV.uasset"
[2017.08.03-23.02.38:626][  0]LogPackFactory: Copied "../../../Samples/StarterContent/Content/StarterContent/Particles/Materials/M_Fire_SubUV.uasset" to "W:/Projects/Telos/Content/StarterContent/Particles/Materials/M_Fire_SubUV.uasset"
[2017.08.03-23.02.38:631][  0]LogPackFactory: Copied "../../../Samples/StarterContent/Content/StarterContent/Particles/Materials/m_flare_01.uasset" to "W:/Projects/Telos/Content/StarterContent/Particles/Materials/m_flare_01.uasset"
[2017.08.03-23.02.38:638][  0]LogPackFactory: Copied "../../../Samples/StarterContent/Content/StarterContent/Particles/Materials/M_Heat_Distortion.uasset" to "W:/Projects/Telos/Content/StarterContent/Particles/Materials/M_Heat_Distortion.uasset"
[2017.08.03-23.02.38:644][  0]LogPackFactory: Copied "../../../Samples/StarterContent/Content/StarterContent/Particles/Materials/M_Radial_Gradient.uasset" to "W:/Projects/Telos/Content/StarterContent/Particles/Materials/M_Radial_Gradient.uasset"
[2017.08.03-23.02.38:652][  0]LogPackFactory: Copied "../../../Samples/StarterContent/Content/StarterContent/Particles/Materials/M_radial_ramp.uasset" to "W:/Projects/Telos/Content/StarterContent/Particles/Materials/M_radial_ramp.uasset"
[2017.08.03-23.02.38:659][  0]LogPackFactory: Copied "../../../Samples/StarterContent/Content/StarterContent/Particles/Materials/M_smoke_subUV.uasset" to "W:/Projects/Telos/Content/StarterContent/Particles/Materials/M_smoke_subUV.uasset"
[2017.08.03-23.02.38:667][  0]LogPackFactory: Copied "../../../Samples/StarterContent/Content/StarterContent/Particles/Materials/M_Spark.uasset" to "W:/Projects/Telos/Content/StarterContent/Particles/Materials/M_Spark.uasset"
[2017.08.03-23.02.38:676][  0]LogPackFactory: Copied "../../../Samples/StarterContent/Content/StarterContent/Props/MaterialSphere.uasset" to "W:/Projects/Telos/Content/StarterContent/Props/MaterialSphere.uasset"
[2017.08.03-23.02.38:687][  0]LogPackFactory: Copied "../../../Samples/StarterContent/Content/StarterContent/Props/SM_Bush.uasset" to "W:/Projects/Telos/Content/StarterContent/Props/SM_Bush.uasset"
[2017.08.03-23.02.38:695][  0]LogPackFactory: Copied "../../../Samples/StarterContent/Content/StarterContent/Props/SM_Chair.uasset" to "W:/Projects/Telos/Content/StarterContent/Props/SM_Chair.uasset"
[2017.08.03-23.02.38:706][  0]LogPackFactory: Copied "../../../Samples/StarterContent/Content/StarterContent/Props/SM_CornerFrame.uasset" to "W:/Projects/Telos/Content/StarterContent/Props/SM_CornerFrame.uasset"
[2017.08.03-23.02.38:712][  0]LogPackFactory: Copied "../../../Samples/StarterContent/Content/StarterContent/Props/SM_Couch.uasset" to "W:/Projects/Telos/Content/StarterContent/Props/SM_Couch.uasset"
[2017.08.03-23.02.38:719][  0]LogPackFactory: Copied "../../../Samples/StarterContent/Content/StarterContent/Props/SM_Door.uasset" to "W:/Projects/Telos/Content/StarterContent/Props/SM_Door.uasset"
[2017.08.03-23.02.38:726][  0]LogPackFactory: Copied "../../../Samples/StarterContent/Content/StarterContent/Props/SM_DoorFrame.uasset" to "W:/Projects/Telos/Content/StarterContent/Props/SM_DoorFrame.uasset"
[2017.08.03-23.02.38:732][  0]LogPackFactory: Copied "../../../Samples/StarterContent/Content/StarterContent/Props/SM_GlassWindow.uasset" to "W:/Projects/Telos/Content/StarterContent/Props/SM_GlassWindow.uasset"
[2017.08.03-23.02.38:739][  0]LogPackFactory: Copied "../../../Samples/StarterContent/Content/StarterContent/Props/SM_Lamp_Ceiling.uasset" to "W:/Projects/Telos/Content/StarterContent/Props/SM_Lamp_Ceiling.uasset"
[2017.08.03-23.02.38:745][  0]LogPackFactory: Copied "../../../Samples/StarterContent/Content/StarterContent/Props/SM_Lamp_Wall.uasset" to "W:/Projects/Telos/Content/StarterContent/Props/SM_Lamp_Wall.uasset"
[2017.08.03-23.02.38:760][  0]LogPackFactory: Copied "../../../Samples/StarterContent/Content/StarterContent/Props/SM_MatPreviewMesh_02.uasset" to "W:/Projects/Telos/Content/StarterContent/Props/SM_MatPreviewMesh_02.uasset"
[2017.08.03-23.02.38:767][  0]LogPackFactory: Copied "../../../Samples/StarterContent/Content/StarterContent/Props/SM_PillarFrame.uasset" to "W:/Projects/Telos/Content/StarterContent/Props/SM_PillarFrame.uasset"
[2017.08.03-23.02.38:774][  0]LogPackFactory: Copied "../../../Samples/StarterContent/Content/StarterContent/Props/SM_PillarFrame300.uasset" to "W:/Projects/Telos/Content/StarterContent/Props/SM_PillarFrame300.uasset"
[2017.08.03-23.02.38:781][  0]LogPackFactory: Copied "../../../Samples/StarterContent/Content/StarterContent/Props/SM_Rock.uasset" to "W:/Projects/Telos/Content/StarterContent/Props/SM_Rock.uasset"
[2017.08.03-23.02.38:787][  0]LogPackFactory: Copied "../../../Samples/StarterContent/Content/StarterContent/Props/SM_Shelf.uasset" to "W:/Projects/Telos/Content/StarterContent/Props/SM_Shelf.uasset"
[2017.08.03-23.02.38:794][  0]LogPackFactory: Copied "../../../Samples/StarterContent/Content/StarterContent/Props/SM_Stairs.uasset" to "W:/Projects/Telos/Content/StarterContent/Props/SM_Stairs.uasset"
[2017.08.03-23.02.38:800][  0]LogPackFactory: Copied "../../../Samples/StarterContent/Content/StarterContent/Props/SM_Statue.uasset" to "W:/Projects/Telos/Content/StarterContent/Props/SM_Statue.uasset"
[2017.08.03-23.02.38:808][  0]LogPackFactory: Copied "../../../Samples/StarterContent/Content/StarterContent/Props/SM_TableRound.uasset" to "W:/Projects/Telos/Content/StarterContent/Props/SM_TableRound.uasset"
[2017.08.03-23.02.38:814][  0]LogPackFactory: Copied "../../../Samples/StarterContent/Content/StarterContent/Props/SM_WindowFrame.uasset" to "W:/Projects/Telos/Content/StarterContent/Props/SM_WindowFrame.uasset"
[2017.08.03-23.02.38:821][  0]LogPackFactory: Copied "../../../Samples/StarterContent/Content/StarterContent/Props/Materials/M_Bush.uasset" to "W:/Projects/Telos/Content/StarterContent/Props/Materials/M_Bush.uasset"
[2017.08.03-23.02.38:827][  0]LogPackFactory: Copied "../../../Samples/StarterContent/Content/StarterContent/Props/Materials/M_Chair.uasset" to "W:/Projects/Telos/Content/StarterContent/Props/Materials/M_Chair.uasset"
[2017.08.03-23.02.38:833][  0]LogPackFactory: Copied "../../../Samples/StarterContent/Content/StarterContent/Props/Materials/M_Door.uasset" to "W:/Projects/Telos/Content/StarterContent/Props/Materials/M_Door.uasset"
[2017.08.03-23.02.38:839][  0]LogPackFactory: Copied "../../../Samples/StarterContent/Content/StarterContent/Props/Materials/M_Frame.uasset" to "W:/Projects/Telos/Content/StarterContent/Props/Materials/M_Frame.uasset"
[2017.08.03-23.02.38:845][  0]LogPackFactory: Copied "../../../Samples/StarterContent/Content/StarterContent/Props/Materials/M_Lamp.uasset" to "W:/Projects/Telos/Content/StarterContent/Props/Materials/M_Lamp.uasset"
[2017.08.03-23.02.38:852][  0]LogPackFactory: Copied "../../../Samples/StarterContent/Content/StarterContent/Props/Materials/M_MaterialSphere.uasset" to "W:/Projects/Telos/Content/StarterContent/Props/Materials/M_MaterialSphere.uasset"
[2017.08.03-23.02.38:858][  0]LogPackFactory: Copied "../../../Samples/StarterContent/Content/StarterContent/Props/Materials/M_MaterialSphere_Plain.uasset" to "W:/Projects/Telos/Content/StarterContent/Props/Materials/M_MaterialSphere_Plain.uasset"
[2017.08.03-23.02.38:865][  0]LogPackFactory: Copied "../../../Samples/StarterContent/Content/StarterContent/Props/Materials/M_Rock.uasset" to "W:/Projects/Telos/Content/StarterContent/Props/Materials/M_Rock.uasset"
[2017.08.03-23.02.38:871][  0]LogPackFactory: Copied "../../../Samples/StarterContent/Content/StarterContent/Props/Materials/M_Shelf.uasset" to "W:/Projects/Telos/Content/StarterContent/Props/Materials/M_Shelf.uasset"
[2017.08.03-23.02.38:877][  0]LogPackFactory: Copied "../../../Samples/StarterContent/Content/StarterContent/Props/Materials/M_Statue.uasset" to "W:/Projects/Telos/Content/StarterContent/Props/Materials/M_Statue.uasset"
[2017.08.03-23.02.38:883][  0]LogPackFactory: Copied "../../../Samples/StarterContent/Content/StarterContent/Props/Materials/M_StatueGlass.uasset" to "W:/Projects/Telos/Content/StarterContent/Props/Materials/M_StatueGlass.uasset"
[2017.08.03-23.02.38:889][  0]LogPackFactory: Copied "../../../Samples/StarterContent/Content/StarterContent/Props/Materials/M_TableRound.uasset" to "W:/Projects/Telos/Content/StarterContent/Props/Materials/M_TableRound.uasset"
[2017.08.03-23.02.38:896][  0]LogPackFactory: Copied "../../../Samples/StarterContent/Content/StarterContent/Shapes/Shape_Cone.uasset" to "W:/Projects/Telos/Content/StarterContent/Shapes/Shape_Cone.uasset"
[2017.08.03-23.02.38:902][  0]LogPackFactory: Copied "../../../Samples/StarterContent/Content/StarterContent/Shapes/Shape_Cube.uasset" to "W:/Projects/Telos/Content/StarterContent/Shapes/Shape_Cube.uasset"
[2017.08.03-23.02.38:908][  0]LogPackFactory: Copied "../../../Samples/StarterContent/Content/StarterContent/Shapes/Shape_Cylinder.uasset" to "W:/Projects/Telos/Content/StarterContent/Shapes/Shape_Cylinder.uasset"
[2017.08.03-23.02.38:916][  0]LogPackFactory: Copied "../../../Samples/StarterContent/Content/StarterContent/Shapes/Shape_NarrowCapsule.uasset" to "W:/Projects/Telos/Content/StarterContent/Shapes/Shape_NarrowCapsule.uasset"
[2017.08.03-23.02.38:922][  0]LogPackFactory: Copied "../../../Samples/StarterContent/Content/StarterContent/Shapes/Shape_Pipe.uasset" to "W:/Projects/Telos/Content/StarterContent/Shapes/Shape_Pipe.uasset"
[2017.08.03-23.02.38:930][  0]LogPackFactory: Copied "../../../Samples/StarterContent/Content/StarterContent/Shapes/Shape_Pipe_180.uasset" to "W:/Projects/Telos/Content/StarterContent/Shapes/Shape_Pipe_180.uasset"
[2017.08.03-23.02.38:936][  0]LogPackFactory: Copied "../../../Samples/StarterContent/Content/StarterContent/Shapes/Shape_Pipe_90.uasset" to "W:/Projects/Telos/Content/StarterContent/Shapes/Shape_Pipe_90.uasset"
[2017.08.03-23.02.38:942][  0]LogPackFactory: Copied "../../../Samples/StarterContent/Content/StarterContent/Shapes/Shape_Plane.uasset" to "W:/Projects/Telos/Content/StarterContent/Shapes/Shape_Plane.uasset"
[2017.08.03-23.02.38:949][  0]LogPackFactory: Copied "../../../Samples/StarterContent/Content/StarterContent/Shapes/Shape_QuadPyramid.uasset" to "W:/Projects/Telos/Content/StarterContent/Shapes/Shape_QuadPyramid.uasset"
[2017.08.03-23.02.38:955][  0]LogPackFactory: Copied "../../../Samples/StarterContent/Content/StarterContent/Shapes/Shape_Sphere.uasset" to "W:/Projects/Telos/Content/StarterContent/Shapes/Shape_Sphere.uasset"
[2017.08.03-23.02.38:962][  0]LogPackFactory: Copied "../../../Samples/StarterContent/Content/StarterContent/Shapes/Shape_Torus.uasset" to "W:/Projects/Telos/Content/StarterContent/Shapes/Shape_Torus.uasset"
[2017.08.03-23.02.38:969][  0]LogPackFactory: Copied "../../../Samples/StarterContent/Content/StarterContent/Shapes/Shape_Trim.uasset" to "W:/Projects/Telos/Content/StarterContent/Shapes/Shape_Trim.uasset"
[2017.08.03-23.02.38:975][  0]LogPackFactory: Copied "../../../Samples/StarterContent/Content/StarterContent/Shapes/Shape_Trim_90_In.uasset" to "W:/Projects/Telos/Content/StarterContent/Shapes/Shape_Trim_90_In.uasset"
[2017.08.03-23.02.38:981][  0]LogPackFactory: Copied "../../../Samples/StarterContent/Content/StarterContent/Shapes/Shape_Trim_90_Out.uasset" to "W:/Projects/Telos/Content/StarterContent/Shapes/Shape_Trim_90_Out.uasset"
[2017.08.03-23.02.38:988][  0]LogPackFactory: Copied "../../../Samples/StarterContent/Content/StarterContent/Shapes/Shape_TriPyramid.uasset" to "W:/Projects/Telos/Content/StarterContent/Shapes/Shape_TriPyramid.uasset"
[2017.08.03-23.02.38:994][  0]LogPackFactory: Copied "../../../Samples/StarterContent/Content/StarterContent/Shapes/Shape_Tube.uasset" to "W:/Projects/Telos/Content/StarterContent/Shapes/Shape_Tube.uasset"
[2017.08.03-23.02.39:001][  0]LogPackFactory: Copied "../../../Samples/StarterContent/Content/StarterContent/Shapes/Shape_Wedge_A.uasset" to "W:/Projects/Telos/Content/StarterContent/Shapes/Shape_Wedge_A.uasset"
[2017.08.03-23.02.39:007][  0]LogPackFactory: Copied "../../../Samples/StarterContent/Content/StarterContent/Shapes/Shape_Wedge_B.uasset" to "W:/Projects/Telos/Content/StarterContent/Shapes/Shape_Wedge_B.uasset"
[2017.08.03-23.02.39:013][  0]LogPackFactory: Copied "../../../Samples/StarterContent/Content/StarterContent/Shapes/Shape_WideCapsule.uasset" to "W:/Projects/Telos/Content/StarterContent/Shapes/Shape_WideCapsule.uasset"
[2017.08.03-23.02.39:037][  0]LogPackFactory: Copied "../../../Samples/StarterContent/Content/StarterContent/Textures/T_Brick_Clay_Beveled_D.uasset" to "W:/Projects/Telos/Content/StarterContent/Textures/T_Brick_Clay_Beveled_D.uasset"
[2017.08.03-23.02.39:063][  0]LogPackFactory: Copied "../../../Samples/StarterContent/Content/StarterContent/Textures/T_Brick_Clay_Beveled_M.uasset" to "W:/Projects/Telos/Content/StarterContent/Textures/T_Brick_Clay_Beveled_M.uasset"
[2017.08.03-23.02.39:087][  0]LogPackFactory: Copied "../../../Samples/StarterContent/Content/StarterContent/Textures/T_Brick_Clay_Beveled_N.uasset" to "W:/Projects/Telos/Content/StarterContent/Textures/T_Brick_Clay_Beveled_N.uasset"
[2017.08.03-23.02.39:108][  0]LogPackFactory: Copied "../../../Samples/StarterContent/Content/StarterContent/Textures/T_Brick_Clay_New_D.uasset" to "W:/Projects/Telos/Content/StarterContent/Textures/T_Brick_Clay_New_D.uasset"
[2017.08.03-23.02.39:135][  0]LogPackFactory: Copied "../../../Samples/StarterContent/Content/StarterContent/Textures/T_Brick_Clay_New_M.uasset" to "W:/Projects/Telos/Content/StarterContent/Textures/T_Brick_Clay_New_M.uasset"
[2017.08.03-23.02.39:160][  0]LogPackFactory: Copied "../../../Samples/StarterContent/Content/StarterContent/Textures/T_Brick_Clay_New_N.uasset" to "W:/Projects/Telos/Content/StarterContent/Textures/T_Brick_Clay_New_N.uasset"
[2017.08.03-23.02.39:193][  0]LogPackFactory: Copied "../../../Samples/StarterContent/Content/StarterContent/Textures/T_Brick_Clay_Old_D.uasset" to "W:/Projects/Telos/Content/StarterContent/Textures/T_Brick_Clay_Old_D.uasset"
[2017.08.03-23.02.39:218][  0]LogPackFactory: Copied "../../../Samples/StarterContent/Content/StarterContent/Textures/T_Brick_Clay_Old_N.uasset" to "W:/Projects/Telos/Content/StarterContent/Textures/T_Brick_Clay_Old_N.uasset"
[2017.08.03-23.02.39:255][  0]LogPackFactory: Copied "../../../Samples/StarterContent/Content/StarterContent/Textures/T_Brick_Cut_Stone_D.uasset" to "W:/Projects/Telos/Content/StarterContent/Textures/T_Brick_Cut_Stone_D.uasset"
[2017.08.03-23.02.39:277][  0]LogPackFactory: Copied "../../../Samples/StarterContent/Content/StarterContent/Textures/T_Brick_Cut_Stone_N.uasset" to "W:/Projects/Telos/Content/StarterContent/Textures/T_Brick_Cut_Stone_N.uasset"
[2017.08.03-23.02.39:300][  0]LogPackFactory: Copied "../../../Samples/StarterContent/Content/StarterContent/Textures/T_Brick_Hewn_Stone_D.uasset" to "W:/Projects/Telos/Content/StarterContent/Textures/T_Brick_Hewn_Stone_D.uasset"
[2017.08.03-23.02.39:322][  0]LogPackFactory: Copied "../../../Samples/StarterContent/Content/StarterContent/Textures/T_Brick_Hewn_Stone_M.uasset" to "W:/Projects/Telos/Content/StarterContent/Textures/T_Brick_Hewn_Stone_M.uasset"
[2017.08.03-23.02.39:350][  0]LogPackFactory: Copied "../../../Samples/StarterContent/Content/StarterContent/Textures/T_Brick_Hewn_Stone_N.uasset" to "W:/Projects/Telos/Content/StarterContent/Textures/T_Brick_Hewn_Stone_N.uasset"
[2017.08.03-23.02.39:356][  0]LogPackFactory: Copied "../../../Samples/StarterContent/Content/StarterContent/Textures/T_Burst_M.uasset" to "W:/Projects/Telos/Content/StarterContent/Textures/T_Burst_M.uasset"
[2017.08.03-23.02.39:364][  0]LogPackFactory: Copied "../../../Samples/StarterContent/Content/StarterContent/Textures/T_Bush_D.uasset" to "W:/Projects/Telos/Content/StarterContent/Textures/T_Bush_D.uasset"
[2017.08.03-23.02.39:371][  0]LogPackFactory: Copied "../../../Samples/StarterContent/Content/StarterContent/Textures/T_Bush_N.uasset" to "W:/Projects/Telos/Content/StarterContent/Textures/T_Bush_N.uasset"
[2017.08.03-23.02.39:378][  0]LogPackFactory: Copied "../../../Samples/StarterContent/Content/StarterContent/Textures/T_Ceramic_Tile_M.uasset" to "W:/Projects/Telos/Content/StarterContent/Textures/T_Ceramic_Tile_M.uasset"
[2017.08.03-23.02.39:386][  0]LogPackFactory: Copied "../../../Samples/StarterContent/Content/StarterContent/Textures/T_Ceramic_Tile_N.uasset" to "W:/Projects/Telos/Content/StarterContent/Textures/T_Ceramic_Tile_N.uasset"
[2017.08.03-23.02.39:393][  0]LogPackFactory: Copied "../../../Samples/StarterContent/Content/StarterContent/Textures/T_Chair_M.uasset" to "W:/Projects/Telos/Content/StarterContent/Textures/T_Chair_M.uasset"
[2017.08.03-23.02.39:404][  0]LogPackFactory: Copied "../../../Samples/StarterContent/Content/StarterContent/Textures/T_Chair_N.uasset" to "W:/Projects/Telos/Content/StarterContent/Textures/T_Chair_N.uasset"
[2017.08.03-23.02.39:411][  0]LogPackFactory: Copied "../../../Samples/StarterContent/Content/StarterContent/Textures/T_Checker_Noise_M.uasset" to "W:/Projects/Telos/Content/StarterContent/Textures/T_Checker_Noise_M.uasset"
[2017.08.03-23.02.39:444][  0]LogPackFactory: Copied "../../../Samples/StarterContent/Content/StarterContent/Textures/T_CobbleStone_Pebble_D.uasset" to "W:/Projects/Telos/Content/StarterContent/Textures/T_CobbleStone_Pebble_D.uasset"
[2017.08.03-23.02.39:454][  0]LogPackFactory: Copied "../../../Samples/StarterContent/Content/StarterContent/Textures/T_CobbleStone_Pebble_M.uasset" to "W:/Projects/Telos/Content/StarterContent/Textures/T_CobbleStone_Pebble_M.uasset"
[2017.08.03-23.02.39:487][  0]LogPackFactory: Copied "../../../Samples/StarterContent/Content/StarterContent/Textures/T_CobbleStone_Pebble_N.uasset" to "W:/Projects/Telos/Content/StarterContent/Textures/T_CobbleStone_Pebble_N.uasset"
[2017.08.03-23.02.39:501][  0]LogPackFactory: Copied "../../../Samples/StarterContent/Content/StarterContent/Textures/T_CobbleStone_Rough_D.uasset" to "W:/Projects/Telos/Content/StarterContent/Textures/T_CobbleStone_Rough_D.uasset"
[2017.08.03-23.02.39:514][  0]LogPackFactory: Copied "../../../Samples/StarterContent/Content/StarterContent/Textures/T_CobbleStone_Rough_N.uasset" to "W:/Projects/Telos/Content/StarterContent/Textures/T_CobbleStone_Rough_N.uasset"
[2017.08.03-23.02.39:536][  0]LogPackFactory: Copied "../../../Samples/StarterContent/Content/StarterContent/Textures/T_CobbleStone_Smooth_D.uasset" to "W:/Projects/Telos/Content/StarterContent/Textures/T_CobbleStone_Smooth_D.uasset"
[2017.08.03-23.02.39:556][  0]LogPackFactory: Copied "../../../Samples/StarterContent/Content/StarterContent/Textures/T_CobbleStone_Smooth_M.uasset" to "W:/Projects/Telos/Content/StarterContent/Textures/T_CobbleStone_Smooth_M.uasset"
[2017.08.03-23.02.39:584][  0]LogPackFactory: Copied "../../../Samples/StarterContent/Content/StarterContent/Textures/T_CobbleStone_Smooth_N.uasset" to "W:/Projects/Telos/Content/StarterContent/Textures/T_CobbleStone_Smooth_N.uasset"
[2017.08.03-23.02.39:615][  0]LogPackFactory: Copied "../../../Samples/StarterContent/Content/StarterContent/Textures/T_Concrete_Grime_D.uasset" to "W:/Projects/Telos/Content/StarterContent/Textures/T_Concrete_Grime_D.uasset"
[2017.08.03-23.02.39:642][  0]LogPackFactory: Copied "../../../Samples/StarterContent/Content/StarterContent/Textures/T_Concrete_Panels_D.uasset" to "W:/Projects/Telos/Content/StarterContent/Textures/T_Concrete_Panels_D.uasset"
[2017.08.03-23.02.39:663][  0]LogPackFactory: Copied "../../../Samples/StarterContent/Content/StarterContent/Textures/T_Concrete_Panels_N.uasset" to "W:/Projects/Telos/Content/StarterContent/Textures/T_Concrete_Panels_N.uasset"
[2017.08.03-23.02.39:696][  0]LogPackFactory: Copied "../../../Samples/StarterContent/Content/StarterContent/Textures/T_Concrete_Poured_D.uasset" to "W:/Projects/Telos/Content/StarterContent/Textures/T_Concrete_Poured_D.uasset"
[2017.08.03-23.02.39:720][  0]LogPackFactory: Copied "../../../Samples/StarterContent/Content/StarterContent/Textures/T_Concrete_Poured_N.uasset" to "W:/Projects/Telos/Content/StarterContent/Textures/T_Concrete_Poured_N.uasset"
[2017.08.03-23.02.39:738][  0]LogPackFactory: Copied "../../../Samples/StarterContent/Content/StarterContent/Textures/T_Concrete_Tiles_D.uasset" to "W:/Projects/Telos/Content/StarterContent/Textures/T_Concrete_Tiles_D.uasset"
[2017.08.03-23.02.39:758][  0]LogPackFactory: Copied "../../../Samples/StarterContent/Content/StarterContent/Textures/T_Concrete_Tiles_M.uasset" to "W:/Projects/Telos/Content/StarterContent/Textures/T_Concrete_Tiles_M.uasset"
[2017.08.03-23.02.39:781][  0]LogPackFactory: Copied "../../../Samples/StarterContent/Content/StarterContent/Textures/T_Concrete_Tiles_N.uasset" to "W:/Projects/Telos/Content/StarterContent/Textures/T_Concrete_Tiles_N.uasset"
[2017.08.03-23.02.39:784][  0]LogPackFactory: Copied "../../../Samples/StarterContent/Content/StarterContent/Textures/T_Concrete_Tiles_Variation_M.uasset" to "W:/Projects/Telos/Content/StarterContent/Textures/T_Concrete_Tiles_Variation_M.uasset"
[2017.08.03-23.02.39:798][  0]LogPackFactory: Copied "../../../Samples/StarterContent/Content/StarterContent/Textures/T_Detail_Rocky_N.uasset" to "W:/Projects/Telos/Content/StarterContent/Textures/T_Detail_Rocky_N.uasset"
[2017.08.03-23.02.39:805][  0]LogPackFactory: Copied "../../../Samples/StarterContent/Content/StarterContent/Textures/T_Door_M.uasset" to "W:/Projects/Telos/Content/StarterContent/Textures/T_Door_M.uasset"
[2017.08.03-23.02.39:814][  0]LogPackFactory: Copied "../../../Samples/StarterContent/Content/StarterContent/Textures/T_Door_N.uasset" to "W:/Projects/Telos/Content/StarterContent/Textures/T_Door_N.uasset"
[2017.08.03-23.02.39:820][  0]LogPackFactory: Copied "../../../Samples/StarterContent/Content/StarterContent/Textures/T_Dust_Particle_D.uasset" to "W:/Projects/Telos/Content/StarterContent/Textures/T_Dust_Particle_D.uasset"
[2017.08.03-23.02.39:834][  0]LogPackFactory: Copied "../../../Samples/StarterContent/Content/StarterContent/Textures/T_Explosion_SubUV.uasset" to "W:/Projects/Telos/Content/StarterContent/Textures/T_Explosion_SubUV.uasset"
[2017.08.03-23.02.39:841][  0]LogPackFactory: Copied "../../../Samples/StarterContent/Content/StarterContent/Textures/T_Fire_SubUV.uasset" to "W:/Projects/Telos/Content/StarterContent/Textures/T_Fire_SubUV.uasset"
[2017.08.03-23.02.39:848][  0]LogPackFactory: Copied "../../../Samples/StarterContent/Content/StarterContent/Textures/T_Fire_Tiled_D.uasset" to "W:/Projects/Telos/Content/StarterContent/Textures/T_Fire_Tiled_D.uasset"
[2017.08.03-23.02.39:856][  0]LogPackFactory: Copied "../../../Samples/StarterContent/Content/StarterContent/Textures/T_Frame_M.uasset" to "W:/Projects/Telos/Content/StarterContent/Textures/T_Frame_M.uasset"
[2017.08.03-23.02.39:865][  0]LogPackFactory: Copied "../../../Samples/StarterContent/Content/StarterContent/Textures/T_Frame_N.uasset" to "W:/Projects/Telos/Content/StarterContent/Textures/T_Frame_N.uasset"
[2017.08.03-23.02.39:869][  0]LogPackFactory: Copied "../../../Samples/StarterContent/Content/StarterContent/Textures/T_Gradinet_01.uasset" to "W:/Projects/Telos/Content/StarterContent/Textures/T_Gradinet_01.uasset"
[2017.08.03-23.02.39:903][  0]LogPackFactory: Copied "../../../Samples/StarterContent/Content/StarterContent/Textures/T_Ground_Grass_D.uasset" to "W:/Projects/Telos/Content/StarterContent/Textures/T_Ground_Grass_D.uasset"
[2017.08.03-23.02.39:936][  0]LogPackFactory: Copied "../../../Samples/StarterContent/Content/StarterContent/Textures/T_Ground_Grass_N.uasset" to "W:/Projects/Telos/Content/StarterContent/Textures/T_Ground_Grass_N.uasset"
[2017.08.03-23.02.39:968][  0]LogPackFactory: Copied "../../../Samples/StarterContent/Content/StarterContent/Textures/T_Ground_Gravel_D.uasset" to "W:/Projects/Telos/Content/StarterContent/Textures/T_Ground_Gravel_D.uasset"
[2017.08.03-23.02.39:991][  0]LogPackFactory: Copied "../../../Samples/StarterContent/Content/StarterContent/Textures/T_Ground_Gravel_N.uasset" to "W:/Projects/Telos/Content/StarterContent/Textures/T_Ground_Gravel_N.uasset"
[2017.08.03-23.02.40:047][  0]LogPackFactory: Copied "../../../Samples/StarterContent/Content/StarterContent/Textures/T_ground_Moss_D.uasset" to "W:/Projects/Telos/Content/StarterContent/Textures/T_ground_Moss_D.uasset"
[2017.08.03-23.02.40:075][  0]LogPackFactory: Copied "../../../Samples/StarterContent/Content/StarterContent/Textures/T_Ground_Moss_N.uasset" to "W:/Projects/Telos/Content/StarterContent/Textures/T_Ground_Moss_N.uasset"
[2017.08.03-23.02.40:084][  0]LogPackFactory: Copied "../../../Samples/StarterContent/Content/StarterContent/Textures/T_Lamp_M.uasset" to "W:/Projects/Telos/Content/StarterContent/Textures/T_Lamp_M.uasset"
[2017.08.03-23.02.40:100][  0]LogPackFactory: Copied "../../../Samples/StarterContent/Content/StarterContent/Textures/T_Lamp_N.uasset" to "W:/Projects/Telos/Content/StarterContent/Textures/T_Lamp_N.uasset"
[2017.08.03-23.02.40:137][  0]LogPackFactory: Copied "../../../Samples/StarterContent/Content/StarterContent/Textures/T_MacroVariation.uasset" to "W:/Projects/Telos/Content/StarterContent/Textures/T_MacroVariation.uasset"
[2017.08.03-23.02.40:169][  0]LogPackFactory: Copied "../../../Samples/StarterContent/Content/StarterContent/Textures/T_Metal_Aluminum_D.uasset" to "W:/Projects/Telos/Content/StarterContent/Textures/T_Metal_Aluminum_D.uasset"
[2017.08.03-23.02.40:197][  0]LogPackFactory: Copied "../../../Samples/StarterContent/Content/StarterContent/Textures/T_Metal_Copper_D.uasset" to "W:/Projects/Telos/Content/StarterContent/Textures/T_Metal_Copper_D.uasset"
[2017.08.03-23.02.40:224][  0]LogPackFactory: Copied "../../../Samples/StarterContent/Content/StarterContent/Textures/T_Metal_Gold_D.uasset" to "W:/Projects/Telos/Content/StarterContent/Textures/T_Metal_Gold_D.uasset"
[2017.08.03-23.02.40:237][  0]LogPackFactory: Copied "../../../Samples/StarterContent/Content/StarterContent/Textures/T_Metal_Gold_N.uasset" to "W:/Projects/Telos/Content/StarterContent/Textures/T_Metal_Gold_N.uasset"
[2017.08.03-23.02.40:266][  0]LogPackFactory: Copied "../../../Samples/StarterContent/Content/StarterContent/Textures/T_Metal_Rust_D.uasset" to "W:/Projects/Telos/Content/StarterContent/Textures/T_Metal_Rust_D.uasset"
[2017.08.03-23.02.40:290][  0]LogPackFactory: Copied "../../../Samples/StarterContent/Content/StarterContent/Textures/T_Metal_Rust_N.uasset" to "W:/Projects/Telos/Content/StarterContent/Textures/T_Metal_Rust_N.uasset"
[2017.08.03-23.02.40:305][  0]LogPackFactory: Copied "../../../Samples/StarterContent/Content/StarterContent/Textures/T_Metal_Steel_D.uasset" to "W:/Projects/Telos/Content/StarterContent/Textures/T_Metal_Steel_D.uasset"
[2017.08.03-23.02.40:324][  0]LogPackFactory: Copied "../../../Samples/StarterContent/Content/StarterContent/Textures/T_Metal_Steel_N.uasset" to "W:/Projects/Telos/Content/StarterContent/Textures/T_Metal_Steel_N.uasset"
[2017.08.03-23.02.40:349][  0]LogPackFactory: Copied "../../../Samples/StarterContent/Content/StarterContent/Textures/T_Perlin_Noise_M.uasset" to "W:/Projects/Telos/Content/StarterContent/Textures/T_Perlin_Noise_M.uasset"
[2017.08.03-23.02.40:362][  0]LogPackFactory: Copied "../../../Samples/StarterContent/Content/StarterContent/Textures/T_RockMesh_M.uasset" to "W:/Projects/Telos/Content/StarterContent/Textures/T_RockMesh_M.uasset"
[2017.08.03-23.02.40:382][  0]LogPackFactory: Copied "../../../Samples/StarterContent/Content/StarterContent/Textures/T_RockMesh_N.uasset" to "W:/Projects/Telos/Content/StarterContent/Textures/T_RockMesh_N.uasset"
[2017.08.03-23.02.40:410][  0]LogPackFactory: Copied "../../../Samples/StarterContent/Content/StarterContent/Textures/T_Rock_Basalt_D.uasset" to "W:/Projects/Telos/Content/StarterContent/Textures/T_Rock_Basalt_D.uasset"
[2017.08.03-23.02.40:434][  0]LogPackFactory: Copied "../../../Samples/StarterContent/Content/StarterContent/Textures/T_Rock_Basalt_N.uasset" to "W:/Projects/Telos/Content/StarterContent/Textures/T_Rock_Basalt_N.uasset"
[2017.08.03-23.02.40:453][  0]LogPackFactory: Copied "../../../Samples/StarterContent/Content/StarterContent/Textures/T_Rock_Marble_Polished_D.uasset" to "W:/Projects/Telos/Content/StarterContent/Textures/T_Rock_Marble_Polished_D.uasset"
[2017.08.03-23.02.40:481][  0]LogPackFactory: Copied "../../../Samples/StarterContent/Content/StarterContent/Textures/T_Rock_Sandstone_D.uasset" to "W:/Projects/Telos/Content/StarterContent/Textures/T_Rock_Sandstone_D.uasset"
[2017.08.03-23.02.40:508][  0]LogPackFactory: Copied "../../../Samples/StarterContent/Content/StarterContent/Textures/T_Rock_Sandstone_N.uasset" to "W:/Projects/Telos/Content/StarterContent/Textures/T_Rock_Sandstone_N.uasset"
[2017.08.03-23.02.40:543][  0]LogPackFactory: Copied "../../../Samples/StarterContent/Content/StarterContent/Textures/T_Rock_Slate_D.uasset" to "W:/Projects/Telos/Content/StarterContent/Textures/T_Rock_Slate_D.uasset"
[2017.08.03-23.02.40:572][  0]LogPackFactory: Copied "../../../Samples/StarterContent/Content/StarterContent/Textures/T_Rock_Slate_N.uasset" to "W:/Projects/Telos/Content/StarterContent/Textures/T_Rock_Slate_N.uasset"
[2017.08.03-23.02.40:599][  0]LogPackFactory: Copied "../../../Samples/StarterContent/Content/StarterContent/Textures/T_Rock_Smooth_Granite_D.uasset" to "W:/Projects/Telos/Content/StarterContent/Textures/T_Rock_Smooth_Granite_D.uasset"
[2017.08.03-23.02.40:607][  0]LogPackFactory: Copied "../../../Samples/StarterContent/Content/StarterContent/Textures/T_Shelf_M.uasset" to "W:/Projects/Telos/Content/StarterContent/Textures/T_Shelf_M.uasset"
[2017.08.03-23.02.40:617][  0]LogPackFactory: Copied "../../../Samples/StarterContent/Content/StarterContent/Textures/T_Shelf_N.uasset" to "W:/Projects/Telos/Content/StarterContent/Textures/T_Shelf_N.uasset"
[2017.08.03-23.02.40:621][  0]LogPackFactory: Copied "../../../Samples/StarterContent/Content/StarterContent/Textures/T_Single_Tile_N.uasset" to "W:/Projects/Telos/Content/StarterContent/Textures/T_Single_Tile_N.uasset"
[2017.08.03-23.02.40:634][  0]LogPackFactory: Copied "../../../Samples/StarterContent/Content/StarterContent/Textures/T_Smoke_SubUV.uasset" to "W:/Projects/Telos/Content/StarterContent/Textures/T_Smoke_SubUV.uasset"
[2017.08.03-23.02.40:641][  0]LogPackFactory: Copied "../../../Samples/StarterContent/Content/StarterContent/Textures/T_Smoke_Tiled_D.uasset" to "W:/Projects/Telos/Content/StarterContent/Textures/T_Smoke_Tiled_D.uasset"
[2017.08.03-23.02.40:648][  0]LogPackFactory: Copied "../../../Samples/StarterContent/Content/StarterContent/Textures/T_Spark_Core.uasset" to "W:/Projects/Telos/Content/StarterContent/Textures/T_Spark_Core.uasset"
[2017.08.03-23.02.40:655][  0]LogPackFactory: Copied "../../../Samples/StarterContent/Content/StarterContent/Textures/T_Statue_M.uasset" to "W:/Projects/Telos/Content/StarterContent/Textures/T_Statue_M.uasset"
[2017.08.03-23.02.40:662][  0]LogPackFactory: Copied "../../../Samples/StarterContent/Content/StarterContent/Textures/T_Statue_N.uasset" to "W:/Projects/Telos/Content/StarterContent/Textures/T_Statue_N.uasset"
[2017.08.03-23.02.40:671][  0]LogPackFactory: Copied "../../../Samples/StarterContent/Content/StarterContent/Textures/T_TableRound_M.uasset" to "W:/Projects/Telos/Content/StarterContent/Textures/T_TableRound_M.uasset"
[2017.08.03-23.02.40:681][  0]LogPackFactory: Copied "../../../Samples/StarterContent/Content/StarterContent/Textures/T_TableRound_N.uasset" to "W:/Projects/Telos/Content/StarterContent/Textures/T_TableRound_N.uasset"
[2017.08.03-23.02.40:688][  0]LogPackFactory: Copied "../../../Samples/StarterContent/Content/StarterContent/Textures/T_Tech_Dot_M.uasset" to "W:/Projects/Telos/Content/StarterContent/Textures/T_Tech_Dot_M.uasset"
[2017.08.03-23.02.40:695][  0]LogPackFactory: Copied "../../../Samples/StarterContent/Content/StarterContent/Textures/T_Tech_Dot_N.uasset" to "W:/Projects/Telos/Content/StarterContent/Textures/T_Tech_Dot_N.uasset"
[2017.08.03-23.02.40:703][  0]LogPackFactory: Copied "../../../Samples/StarterContent/Content/StarterContent/Textures/T_Tech_Hex_Tile_M.uasset" to "W:/Projects/Telos/Content/StarterContent/Textures/T_Tech_Hex_Tile_M.uasset"
[2017.08.03-23.02.40:710][  0]LogPackFactory: Copied "../../../Samples/StarterContent/Content/StarterContent/Textures/T_Tech_Hex_Tile_N.uasset" to "W:/Projects/Telos/Content/StarterContent/Textures/T_Tech_Hex_Tile_N.uasset"
[2017.08.03-23.02.40:719][  0]LogPackFactory: Copied "../../../Samples/StarterContent/Content/StarterContent/Textures/T_Tech_Panel_M.uasset" to "W:/Projects/Telos/Content/StarterContent/Textures/T_Tech_Panel_M.uasset"
[2017.08.03-23.02.40:730][  0]LogPackFactory: Copied "../../../Samples/StarterContent/Content/StarterContent/Textures/T_Tech_Panel_N.uasset" to "W:/Projects/Telos/Content/StarterContent/Textures/T_Tech_Panel_N.uasset"
[2017.08.03-23.02.40:740][  0]LogPackFactory: Copied "../../../Samples/StarterContent/Content/StarterContent/Textures/T_Water_M.uasset" to "W:/Projects/Telos/Content/StarterContent/Textures/T_Water_M.uasset"
[2017.08.03-23.02.40:752][  0]LogPackFactory: Copied "../../../Samples/StarterContent/Content/StarterContent/Textures/T_Water_N.uasset" to "W:/Projects/Telos/Content/StarterContent/Textures/T_Water_N.uasset"
[2017.08.03-23.02.40:771][  0]LogPackFactory: Copied "../../../Samples/StarterContent/Content/StarterContent/Textures/T_Wood_Floor_Walnut_D.uasset" to "W:/Projects/Telos/Content/StarterContent/Textures/T_Wood_Floor_Walnut_D.uasset"
[2017.08.03-23.02.40:787][  0]LogPackFactory: Copied "../../../Samples/StarterContent/Content/StarterContent/Textures/T_Wood_Floor_Walnut_M.uasset" to "W:/Projects/Telos/Content/StarterContent/Textures/T_Wood_Floor_Walnut_M.uasset"
[2017.08.03-23.02.40:800][  0]LogPackFactory: Copied "../../../Samples/StarterContent/Content/StarterContent/Textures/T_Wood_Floor_Walnut_N.uasset" to "W:/Projects/Telos/Content/StarterContent/Textures/T_Wood_Floor_Walnut_N.uasset"
[2017.08.03-23.02.40:822][  0]LogPackFactory: Copied "../../../Samples/StarterContent/Content/StarterContent/Textures/T_Wood_Oak_D.uasset" to "W:/Projects/Telos/Content/StarterContent/Textures/T_Wood_Oak_D.uasset"
[2017.08.03-23.02.40:843][  0]LogPackFactory: Copied "../../../Samples/StarterContent/Content/StarterContent/Textures/T_Wood_Oak_N.uasset" to "W:/Projects/Telos/Content/StarterContent/Textures/T_Wood_Oak_N.uasset"
[2017.08.03-23.02.40:873][  0]LogPackFactory: Copied "../../../Samples/StarterContent/Content/StarterContent/Textures/T_Wood_Pine_D.uasset" to "W:/Projects/Telos/Content/StarterContent/Textures/T_Wood_Pine_D.uasset"
[2017.08.03-23.02.40:888][  0]LogPackFactory: Copied "../../../Samples/StarterContent/Content/StarterContent/Textures/T_Wood_Pine_N.uasset" to "W:/Projects/Telos/Content/StarterContent/Textures/T_Wood_Pine_N.uasset"
[2017.08.03-23.02.40:910][  0]LogPackFactory: Copied "../../../Samples/StarterContent/Content/StarterContent/Textures/T_Wood_Walnut_D.uasset" to "W:/Projects/Telos/Content/StarterContent/Textures/T_Wood_Walnut_D.uasset"
[2017.08.03-23.02.40:926][  0]LogPackFactory: Copied "../../../Samples/StarterContent/Content/StarterContent/Textures/T_Wood_Walnut_N.uasset" to "W:/Projects/Telos/Content/StarterContent/Textures/T_Wood_Walnut_N.uasset"
[2017.08.03-23.02.40:997][  0]LogRenderer: Reallocating scene render targets to support 256x256 NumSamples 1 (Frame:1).
[2017.08.03-23.02.41:270][  0]Cmd: OBJ SAVEPACKAGE PACKAGE="/Game/StarterContent/Architecture/Floor_400x400" FILE="W:/Projects/Telos/Content/StarterContent/Architecture/Floor_400x400.uasset" SILENT=true
[2017.08.03-23.02.41:287][  0]LogSavePackage: Save=12.33ms
[2017.08.03-23.02.41:287][  0]LogSavePackage: Moving 'W:/Projects/Telos/Saved/Floor_400x400DF373C7C49AD16711128B3A7DA8E12D4.tmp' to 'W:/Projects/Telos/Content/StarterContent/Architecture/Floor_400x400.uasset'
[2017.08.03-23.02.41:290][  0]LogSavePackage:Display: Finished SavePackage W:/Projects/Telos/Content/StarterContent/Architecture/Floor_400x400.uasset
[2017.08.03-23.02.41:290][  0]LogFeaturePack:Warning: Inserted 1 feature packs
[2017.08.03-23.02.41:293][  0]Cmd: MAP LOAD FILE="W:/Projects/Telos/Content/StarterContent/Maps/Minimal_Default.umap" TEMPLATE=0 SHOWPROGRESS=1 FEATURELEVEL=3
[2017.08.03-23.02.41:293][  0]LightingResults: New page: Lighting Build
[2017.08.03-23.02.41:330][  0]MapCheck: New page: Map Check
[2017.08.03-23.02.41:330][  0]LightingResults: New page: Lighting Build
[2017.08.03-23.02.41:608][  0]LogAIModule: Creating AISystem for world Minimal_Default
[2017.08.03-23.02.41:615][  0]LogEditorServer: Finished looking for orphan Actors (0.000 secs)
[2017.08.03-23.02.41:628][  0]Cmd: MAP CHECKDEP NOCLEARLOG
[2017.08.03-23.02.41:670][  0]MapCheck: Info Map check complete: 0 Error(s), 0 Warning(s), took 42.063ms to complete.
[2017.08.03-23.02.41:670][  0]LogFileHelpers: Loading map 'Minimal_Default' took 0.377
[2017.08.03-23.02.41:841][  0]LogCollectionManager: Loaded 0 collections in 0.001343 seconds
[2017.08.03-23.02.41:927][  0]LogFileCache: Scanning file cache for directory 'W:/Projects/Telos/Saved/Collections/' took 0.01s
[2017.08.03-23.02.41:927][  0]LogFileCache: Scanning file cache for directory 'W:/Projects/Telos/Content/Developers/Windoze/Collections/' took 0.01s
[2017.08.03-23.02.41:927][  0]LogFileCache: Scanning file cache for directory 'W:/Projects/Telos/Content/Collections/' took 0.01s
[2017.08.03-23.02.41:927][  0]LogCollectionManager: Rebuilt the GUID cache for 0 collections in 0.000001 seconds
[2017.08.03-23.02.41:935][  0]LogContentBrowser: Native class hierarchy populated in 0.0082 seconds. Added 2329 classes and 491 folders.
[2017.08.03-23.02.41:996][  0]LogContentBrowser: Native class hierarchy updated for 'WidgetCarousel' in 0.0005 seconds. Added 0 classes and 0 folders.
[2017.08.03-23.02.42:027][  0]LogContentBrowser: Native class hierarchy updated for 'AddContentDialog' in 0.0005 seconds. Added 0 classes and 0 folders.
[2017.08.03-23.02.42:066][  0]LogContentBrowser: Native class hierarchy updated for 'SceneOutliner' in 0.0005 seconds. Added 1 classes and 2 folders.
[2017.08.03-23.02.42:101][  0]LogCrashTracker: Crashtracker disabled due to settings.
[2017.08.03-23.02.42:105][  0]LogSlate: Took 0.000160 seconds to synchronously load lazily loaded font '../../../Engine/Content/Slate/Fonts/Roboto-Regular.ttf' (155K)
[2017.08.03-23.02.42:106][  0]LogSlate: Took 0.000141 seconds to synchronously load lazily loaded font '../../../Engine/Content/Slate/Fonts/Roboto-Bold.ttf' (160K)
[2017.08.03-23.02.42:111][  0]LogSlate: Took 0.000199 seconds to synchronously load lazily loaded font '../../../Engine/Content/Editor/Slate/Fonts/FontAwesome.ttf' (139K)
[2017.08.03-23.02.42:138][  0]LogRenderer: Reallocating scene render targets to support 1208x576 NumSamples 1 (Frame:1).
[2017.08.03-23.02.42:196][  0]LogSlate: Took 0.000191 seconds to synchronously load lazily loaded font '../../../Engine/Content/Slate/Fonts/Roboto-Light.ttf' (159K)
[2017.08.03-23.02.42:265][  0]LogUObjectGlobals:Warning: Failed to find object 'Class None.'
[2017.08.03-23.02.42:324][  0]LogContentBrowser: Native class hierarchy updated for 'HierarchicalLODOutliner' in 0.0005 seconds. Added 1 classes and 2 folders.
[2017.08.03-23.02.42:325][  0]LogLoad: (Engine Initialization) Total time: 18.52 seconds
[2017.08.03-23.02.42:325][  0]LogLoad: (Engine Initialization) Total Blueprint compile time: 0.08 seconds
[2017.08.03-23.02.42:325][  0]LogExternalProfiler: Found external profiler: VSPerf
[2017.08.03-23.02.42:325][  0]LogExternalProfiler: Using external profiler: VSPerf
[2017.08.03-23.02.42:334][  0]LogWindowsTextInputMethodSystem:Display: IME system now deactivated.
[2017.08.03-23.02.42:336][  0]LogOcInput: OculusInput pre-init called
[2017.08.03-23.02.42:336][  0]LogHMD: Starting GearVRController plugin
[2017.08.03-23.02.42:351][  0]LogAssetRegistry: Asset discovery search completed in 12.6298 seconds
[2017.08.03-23.02.42:352][  0]LogCollectionManager: Rebuilt the object cache for 0 collections in 0.000000 seconds (found 0 objects)
[2017.08.03-23.02.42:352][  0]LogCollectionManager: Fixed up redirectors for 0 collections in 0.000022 seconds (updated 0 objects)
[2017.08.03-23.02.42:355][  0]LogContentStreaming: Texture pool size now 1000 MB
